c:\users\01999\onedrive\escritorio\dispatcher\dispatcher\x64\debug\vc143.pdb
c:\users\01999\onedrive\escritorio\dispatcher\dispatcher\x64\debug\.netframework,version=v4.7.2.assemblyattributes.obj
c:\users\01999\onedrive\escritorio\dispatcher\dispatcher\x64\debug\myform.obj
c:\users\01999\onedrive\escritorio\dispatcher\dispatcher\x64\debug\dispatcher.myform.resources
c:\users\01999\onedrive\escritorio\dispatcher\dispatcher\x64\debug\dispatcher.vcxproj.assemblyreference.cache
c:\users\01999\onedrive\escritorio\dispatcher\dispatcher\x64\debug\dispatcher.vcxproj.generateresource.cache
c:\users\01999\onedrive\escritorio\dispatcher\dispatcher\x64\debug\dispatcher.vcxproj.suggestedbindingredirects.cache
c:\users\01999\onedrive\escritorio\dispatcher\x64\debug\dispatcher.pdb
c:\users\01999\onedrive\escritorio\dispatcher\dispatcher\x64\debug\dispatcher.tlog\cl.command.1.tlog
c:\users\01999\onedrive\escritorio\dispatcher\dispatcher\x64\debug\dispatcher.tlog\cl.read.1.tlog
c:\users\01999\onedrive\escritorio\dispatcher\dispatcher\x64\debug\dispatcher.tlog\cl.write.1.tlog
c:\users\01999\onedrive\escritorio\dispatcher\dispatcher\x64\debug\dispatcher.tlog\dispatcher.write.1u.tlog
c:\users\01999\onedrive\escritorio\dispatcher\dispatcher\x64\debug\dispatcher.tlog\link.19160-cvtres.read.1.tlog
c:\users\01999\onedrive\escritorio\dispatcher\dispatcher\x64\debug\dispatcher.tlog\link.19160-cvtres.write.1.tlog
c:\users\01999\onedrive\escritorio\dispatcher\dispatcher\x64\debug\dispatcher.tlog\link.19160-rc.read.1.tlog
c:\users\01999\onedrive\escritorio\dispatcher\dispatcher\x64\debug\dispatcher.tlog\link.19160-rc.write.1.tlog
c:\users\01999\onedrive\escritorio\dispatcher\dispatcher\x64\debug\dispatcher.tlog\link.19160.read.1.tlog
c:\users\01999\onedrive\escritorio\dispatcher\dispatcher\x64\debug\dispatcher.tlog\link.19160.read.2.tlog
c:\users\01999\onedrive\escritorio\dispatcher\dispatcher\x64\debug\dispatcher.tlog\link.19160.write.1.tlog
c:\users\01999\onedrive\escritorio\dispatcher\dispatcher\x64\debug\dispatcher.tlog\link.4108-cvtres.read.1.tlog
c:\users\01999\onedrive\escritorio\dispatcher\dispatcher\x64\debug\dispatcher.tlog\link.4108-cvtres.write.1.tlog
c:\users\01999\onedrive\escritorio\dispatcher\dispatcher\x64\debug\dispatcher.tlog\link.4108-rc.read.1.tlog
c:\users\01999\onedrive\escritorio\dispatcher\dispatcher\x64\debug\dispatcher.tlog\link.4108-rc.write.1.tlog
c:\users\01999\onedrive\escritorio\dispatcher\dispatcher\x64\debug\dispatcher.tlog\link.4108.read.1.tlog
c:\users\01999\onedrive\escritorio\dispatcher\dispatcher\x64\debug\dispatcher.tlog\link.4108.read.2.tlog
c:\users\01999\onedrive\escritorio\dispatcher\dispatcher\x64\debug\dispatcher.tlog\link.4108.write.1.tlog
c:\users\01999\onedrive\escritorio\dispatcher\dispatcher\x64\debug\dispatcher.tlog\link.command.1.tlog
c:\users\01999\onedrive\escritorio\dispatcher\dispatcher\x64\debug\dispatcher.tlog\link.read.1.tlog
c:\users\01999\onedrive\escritorio\dispatcher\dispatcher\x64\debug\dispatcher.tlog\link.read.2.tlog
c:\users\01999\onedrive\escritorio\dispatcher\dispatcher\x64\debug\dispatcher.tlog\link.write.1.tlog
c:\users\01999\onedrive\escritorio\dispatcher\dispatcher\x64\debug\dispatcher.tlog\metagen.read.1.tlog
c:\users\01999\onedrive\escritorio\dispatcher\dispatcher\x64\debug\dispatcher.tlog\metagen.write.1.tlog
